2019-02-14 09:50:25,077 INFO  c.a.a.AtifiletransferApplication - Starting AtifiletransferApplication on ASD-Ismail-M with PID 8564 (D:\Kerja\ATIFILETRANSFER\target\classes started by ahmad.wicaksono in D:\Kerja\ATIFILETRANSFER)
2019-02-14 09:50:25,095 INFO  c.a.a.AtifiletransferApplication - No active profile set, falling back to default profiles: default
2019-02-14 09:50:28,298 INFO  o.a.catalina.core.StandardService - Starting service [Tomcat]
2019-02-14 09:50:28,302 INFO  o.a.catalina.core.StandardEngine - Starting Servlet Engine: Apache Tomcat/8.5.27
2019-02-14 09:50:28,492 INFO  o.a.c.c.C.[.[.[/ATIFILETRANSFER] - Initializing Spring embedded WebApplicationContext
2019-02-14 09:50:34,074 INFO  c.a.a.AtifiletransferApplication - Started AtifiletransferApplication in 9.846 seconds (JVM running for 13.825)
2019-02-14 09:51:01,630 INFO  o.a.c.c.C.[.[.[/ATIFILETRANSFER] - Initializing Spring FrameworkServlet 'dispatcherServlet'
2019-02-14 10:17:20,859 INFO  c.a.a.AtifiletransferApplication - Starting AtifiletransferApplication on ASD-Ismail-M with PID 10724 (D:\Kerja\ATIFILETRANSFER\target\classes started by ahmad.wicaksono in D:\Kerja\ATIFILETRANSFER)
2019-02-14 10:17:20,860 INFO  c.a.a.AtifiletransferApplication - No active profile set, falling back to default profiles: default
2019-02-14 10:17:22,283 INFO  o.a.catalina.core.StandardService - Starting service [Tomcat]
2019-02-14 10:17:22,285 INFO  o.a.catalina.core.StandardEngine - Starting Servlet Engine: Apache Tomcat/8.5.27
2019-02-14 10:17:22,395 INFO  o.a.c.c.C.[.[.[/ATIFILETRANSFER] - Initializing Spring embedded WebApplicationContext
2019-02-14 10:17:26,224 INFO  c.a.a.AtifiletransferApplication - Started AtifiletransferApplication in 5.564 seconds (JVM running for 6.796)
2019-02-14 10:17:36,221 INFO  o.a.c.c.C.[.[.[/ATIFILETRANSFER] - Initializing Spring FrameworkServlet 'dispatcherServlet'
2019-02-14 10:17:43,541 WARN  o.s.s.c.b.BCryptPasswordEncoder - Encoded password does not look like BCrypt
2019-02-14 10:17:50,835 WARN  o.s.s.c.b.BCryptPasswordEncoder - Encoded password does not look like BCrypt
2019-02-14 10:18:32,850 WARN  o.s.s.c.b.BCryptPasswordEncoder - Encoded password does not look like BCrypt
2019-02-14 10:20:53,479 INFO  c.a.a.AtifiletransferApplication - Starting AtifiletransferApplication on ASD-Ismail-M with PID 5700 (D:\Kerja\ATIFILETRANSFER\target\classes started by ahmad.wicaksono in D:\Kerja\ATIFILETRANSFER)
2019-02-14 10:20:53,482 INFO  c.a.a.AtifiletransferApplication - No active profile set, falling back to default profiles: default
2019-02-14 10:20:55,506 INFO  o.a.catalina.core.StandardService - Starting service [Tomcat]
2019-02-14 10:20:55,508 INFO  o.a.catalina.core.StandardEngine - Starting Servlet Engine: Apache Tomcat/8.5.27
2019-02-14 10:20:55,645 INFO  o.a.c.c.C.[.[.[/ATIFILETRANSFER] - Initializing Spring embedded WebApplicationContext
2019-02-14 10:20:59,310 INFO  c.a.a.AtifiletransferApplication - Started AtifiletransferApplication in 6.087 seconds (JVM running for 7.238)
2019-02-14 10:21:00,967 INFO  o.a.c.c.C.[.[.[/ATIFILETRANSFER] - Initializing Spring FrameworkServlet 'dispatcherServlet'
2019-02-14 10:21:11,331 WARN  o.s.s.c.b.BCryptPasswordEncoder - Encoded password does not look like BCrypt
2019-02-14 10:31:05,342 INFO  c.a.a.AtifiletransferApplication - Starting AtifiletransferApplication on ASD-Ismail-M with PID 2208 (D:\Kerja\ATIFILETRANSFER\target\classes started by ahmad.wicaksono in D:\Kerja\ATIFILETRANSFER)
2019-02-14 10:31:05,344 INFO  c.a.a.AtifiletransferApplication - No active profile set, falling back to default profiles: default
2019-02-14 10:31:07,011 INFO  o.a.catalina.core.StandardService - Starting service [Tomcat]
2019-02-14 10:31:07,013 INFO  o.a.catalina.core.StandardEngine - Starting Servlet Engine: Apache Tomcat/8.5.27
2019-02-14 10:31:07,104 INFO  o.a.c.c.C.[.[.[/ATIFILETRANSFER] - Initializing Spring embedded WebApplicationContext
2019-02-14 10:31:10,639 INFO  c.a.a.AtifiletransferApplication - Started AtifiletransferApplication in 5.501 seconds (JVM running for 6.52)
2019-02-14 10:31:19,160 INFO  o.a.c.c.C.[.[.[/ATIFILETRANSFER] - Initializing Spring FrameworkServlet 'dispatcherServlet'
2019-02-14 10:31:30,400 WARN  o.s.s.c.b.BCryptPasswordEncoder - Encoded password does not look like BCrypt
2019-02-14 10:38:32,622 INFO  c.a.a.AtifiletransferApplication - Starting AtifiletransferApplication on ASD-Ismail-M with PID 12232 (D:\Kerja\ATIFILETRANSFER\target\classes started by ahmad.wicaksono in D:\Kerja\ATIFILETRANSFER)
2019-02-14 10:38:32,626 INFO  c.a.a.AtifiletransferApplication - No active profile set, falling back to default profiles: default
2019-02-14 10:38:34,358 INFO  o.a.catalina.core.StandardService - Starting service [Tomcat]
2019-02-14 10:38:34,360 INFO  o.a.catalina.core.StandardEngine - Starting Servlet Engine: Apache Tomcat/8.5.27
2019-02-14 10:38:34,461 INFO  o.a.c.c.C.[.[.[/ATIFILETRANSFER] - Initializing Spring embedded WebApplicationContext
2019-02-14 10:38:37,983 INFO  c.a.a.AtifiletransferApplication - Started AtifiletransferApplication in 5.59 seconds (JVM running for 6.743)
2019-02-14 10:38:38,083 INFO  o.a.c.c.C.[.[.[/ATIFILETRANSFER] - Initializing Spring FrameworkServlet 'dispatcherServlet'
2019-02-14 10:38:44,607 WARN  o.s.s.c.b.BCryptPasswordEncoder - Encoded password does not look like BCrypt
2019-02-14 10:45:58,126 INFO  c.a.a.AtifiletransferApplication - Starting AtifiletransferApplication on ASD-Ismail-M with PID 800 (D:\Kerja\ATIFILETRANSFER\target\classes started by ahmad.wicaksono in D:\Kerja\ATIFILETRANSFER)
2019-02-14 10:45:58,128 INFO  c.a.a.AtifiletransferApplication - No active profile set, falling back to default profiles: default
2019-02-14 10:45:59,869 INFO  o.a.catalina.core.StandardService - Starting service [Tomcat]
2019-02-14 10:45:59,871 INFO  o.a.catalina.core.StandardEngine - Starting Servlet Engine: Apache Tomcat/8.5.27
2019-02-14 10:45:59,972 INFO  o.a.c.c.C.[.[.[/ATIFILETRANSFER] - Initializing Spring embedded WebApplicationContext
2019-02-14 10:46:03,429 INFO  c.a.a.AtifiletransferApplication - Started AtifiletransferApplication in 5.507 seconds (JVM running for 6.538)
2019-02-14 10:46:03,505 INFO  o.a.c.c.C.[.[.[/ATIFILETRANSFER] - Initializing Spring FrameworkServlet 'dispatcherServlet'
2019-02-14 13:45:54,771 INFO  c.a.a.AtifiletransferApplication - Starting AtifiletransferApplication on ASD-Ismail-M with PID 11392 (D:\Kerja\ATIFILETRANSFER\target\classes started by ahmad.wicaksono in D:\Kerja\ATIFILETRANSFER)
2019-02-14 13:45:54,774 INFO  c.a.a.AtifiletransferApplication - No active profile set, falling back to default profiles: default
2019-02-14 13:45:57,821 INFO  o.a.catalina.core.StandardService - Starting service [Tomcat]
2019-02-14 13:45:57,823 INFO  o.a.catalina.core.StandardEngine - Starting Servlet Engine: Apache Tomcat/8.5.27
2019-02-14 13:45:57,992 INFO  o.a.c.c.C.[.[.[/ATIFILETRANSFER] - Initializing Spring embedded WebApplicationContext
2019-02-14 13:46:03,125 INFO  c.a.a.AtifiletransferApplication - Started AtifiletransferApplication in 8.671 seconds (JVM running for 13.378)
2019-02-14 13:46:06,323 INFO  o.a.c.c.C.[.[.[/ATIFILETRANSFER] - Initializing Spring FrameworkServlet 'dispatcherServlet'
2019-02-14 13:46:28,073 ERROR org.thymeleaf.TemplateEngine - [THYMELEAF][http-nio-9000-exec-1] Exception processing template "company/companyparameter/formparameter": Exception evaluating SpringEL expression: "#fields.hasErrors('companyProtocol')" (company/companyparameter/formparameter:99)
2019-02-14 13:46:28,098 ERROR o.a.c.c.C.[.[.[.[dispatcherServlet] - Servlet.service() for servlet [dispatcherServlet] in context with path [/ATIFILETRANSFER] threw exception [Request processing failed; nested exception is org.thymeleaf.exceptions.TemplateProcessingException: Exception evaluating SpringEL expression: "#fields.hasErrors('companyProtocol')" (company/companyparameter/formparameter:99)] with root cause
org.springframework.beans.NotReadablePropertyException: Invalid property 'companyProtocol' of bean class [com.anabatic.atifiletransfer.form.FormCompanyParameter]: Bean property 'companyProtocol' is not readable or has an invalid getter method: Does the return type of the getter match the parameter type of the setter?
	at org.springframework.beans.AbstractNestablePropertyAccessor.getPropertyValue(AbstractNestablePropertyAccessor.java:631)
	at org.springframework.beans.AbstractNestablePropertyAccessor.getPropertyValue(AbstractNestablePropertyAccessor.java:622)
	at org.springframework.validation.AbstractPropertyBindingResult.getActualFieldValue(AbstractPropertyBindingResult.java:99)
	at org.springframework.validation.AbstractBindingResult.getFieldValue(AbstractBindingResult.java:229)
	at org.springframework.web.servlet.support.BindStatus.<init>(BindStatus.java:120)
	at org.thymeleaf.spring4.util.FieldUtils.getBindStatusFromParsedExpression(FieldUtils.java:401)
	at org.thymeleaf.spring4.util.FieldUtils.getBindStatus(FieldUtils.java:328)
	at org.thymeleaf.spring4.util.FieldUtils.getBindStatus(FieldUtils.java:294)
	at org.thymeleaf.spring4.util.FieldUtils.checkErrors(FieldUtils.java:243)
	at org.thymeleaf.spring4.util.FieldUtils.hasErrors(FieldUtils.java:91)
	at org.thymeleaf.spring4.expression.Fields.hasErrors(Fields.java:63)
	at sun.reflect.NativeMethodAccessorImpl.invoke0(Native Method)
	at sun.reflect.NativeMethodAccessorImpl.invoke(Unknown Source)
	at sun.reflect.DelegatingMethodAccessorImpl.invoke(Unknown Source)
	at java.lang.reflect.Method.invoke(Unknown Source)
	at org.springframework.expression.spel.support.ReflectiveMethodExecutor.execute(ReflectiveMethodExecutor.java:117)
	at org.springframework.expression.spel.ast.MethodReference.getValueInternal(MethodReference.java:103)
	at org.springframework.expression.spel.ast.MethodReference.access$000(MethodReference.java:50)
	at org.springframework.expression.spel.ast.MethodReference$MethodValueRef.getValue(MethodReference.java:348)
	at org.springframework.expression.spel.ast.CompoundExpression.getValueInternal(CompoundExpression.java:88)
	at org.springframework.expression.spel.ast.SpelNodeImpl.getValue(SpelNodeImpl.java:121)
	at org.springframework.expression.spel.standard.SpelExpression.getValue(SpelExpression.java:324)
	at org.thymeleaf.spring4.expression.SpelVariableExpressionEvaluator.evaluate(SpelVariableExpressionEvaluator.java:140)
	at org.thymeleaf.standard.expression.VariableExpression.executeVariable(VariableExpression.java:154)
	at org.thymeleaf.standard.expression.SimpleExpression.executeSimple(SimpleExpression.java:59)
	at org.thymeleaf.standard.expression.Expression.execute(Expression.java:103)
	at org.thymeleaf.standard.expression.Expression.execute(Expression.java:133)
	at org.thymeleaf.standard.expression.Expression.execute(Expression.java:120)
	at org.thymeleaf.standard.processor.attr.AbstractStandardConditionalVisibilityAttrProcessor.isVisible(AbstractStandardConditionalVisibilityAttrProcessor.java:66)
	at org.thymeleaf.processor.attr.AbstractConditionalVisibilityAttrProcessor.processAttribute(AbstractConditionalVisibilityAttrProcessor.java:59)
	at org.thymeleaf.processor.attr.AbstractAttrProcessor.doProcess(AbstractAttrProcessor.java:87)
	at org.thymeleaf.processor.AbstractProcessor.process(AbstractProcessor.java:212)
	at org.thymeleaf.dom.Node.applyNextProcessor(Node.java:1017)
	at org.thymeleaf.dom.Node.processNode(Node.java:972)
	at org.thymeleaf.dom.NestableNode.computeNextChild(NestableNode.java:695)
	at org.thymeleaf.dom.NestableNode.doAdditionalProcess(NestableNode.java:668)
	at org.thymeleaf.dom.Node.processNode(Node.java:990)
	at org.thymeleaf.dom.NestableNode.computeNextChild(NestableNode.java:695)
	at org.thymeleaf.dom.NestableNode.doAdditionalProcess(NestableNode.java:668)
	at org.thymeleaf.dom.Node.processNode(Node.java:990)
	at org.thymeleaf.dom.NestableNode.computeNextChild(NestableNode.java:695)
	at org.thymeleaf.dom.NestableNode.doAdditionalProcess(NestableNode.java:668)
	at org.thymeleaf.dom.Node.processNode(Node.java:990)
	at org.thymeleaf.dom.NestableNode.computeNextChild(NestableNode.java:695)
	at org.thymeleaf.dom.NestableNode.doAdditionalProcess(NestableNode.java:668)
	at org.thymeleaf.dom.Node.processNode(Node.java:990)
	at org.thymeleaf.dom.NestableNode.computeNextChild(NestableNode.java:695)
	at org.thymeleaf.dom.NestableNode.doAdditionalProcess(NestableNode.java:668)
	at org.thymeleaf.dom.Node.processNode(Node.java:990)
	at org.thymeleaf.dom.NestableNode.computeNextChild(NestableNode.java:695)
	at org.thymeleaf.dom.NestableNode.doAdditionalProcess(NestableNode.java:668)
	at org.thymeleaf.dom.Node.processNode(Node.java:990)
	at org.thymeleaf.dom.NestableNode.computeNextChild(NestableNode.java:695)
	at org.thymeleaf.dom.NestableNode.doAdditionalProcess(NestableNode.java:668)
	at org.thymeleaf.dom.Node.processNode(Node.java:990)
	at org.thymeleaf.dom.NestableNode.computeNextChild(NestableNode.java:695)
	at org.thymeleaf.dom.NestableNode.doAdditionalProcess(NestableNode.java:668)
	at org.thymeleaf.dom.Node.processNode(Node.java:990)
	at org.thymeleaf.dom.NestableNode.computeNextChild(NestableNode.java:695)
	at org.thymeleaf.dom.NestableNode.doAdditionalProcess(NestableNode.java:668)
	at org.thymeleaf.dom.Node.processNode(Node.java:990)
	at org.thymeleaf.dom.NestableNode.computeNextChild(NestableNode.java:695)
	at org.thymeleaf.dom.NestableNode.doAdditionalProcess(NestableNode.java:668)
	at org.thymeleaf.dom.Node.processNode(Node.java:990)
	at org.thymeleaf.dom.NestableNode.computeNextChild(NestableNode.java:695)
	at org.thymeleaf.dom.NestableNode.doAdditionalProcess(NestableNode.java:668)
	at org.thymeleaf.dom.Node.processNode(Node.java:990)
	at org.thymeleaf.dom.NestableNode.computeNextChild(NestableNode.java:695)
	at org.thymeleaf.dom.NestableNode.doAdditionalProcess(NestableNode.java:668)
	at org.thymeleaf.dom.Node.processNode(Node.java:990)
	at org.thymeleaf.dom.NestableNode.computeNextChild(NestableNode.java:695)
	at org.thymeleaf.dom.NestableNode.doAdditionalProcess(NestableNode.java:668)
	at org.thymeleaf.dom.Node.processNode(Node.java:990)
	at org.thymeleaf.dom.Document.process(Document.java:93)
	at org.thymeleaf.TemplateEngine.process(TemplateEngine.java:1155)
	at org.thymeleaf.TemplateEngine.process(TemplateEngine.java:1060)
	at org.thymeleaf.TemplateEngine.process(TemplateEngine.java:1011)
	at org.thymeleaf.spring4.view.ThymeleafView.renderFragment(ThymeleafView.java:335)
	at org.thymeleaf.spring4.view.ThymeleafView.render(ThymeleafView.java:190)
	at org.springframework.web.servlet.DispatcherServlet.render(DispatcherServlet.java:1286)
	at org.springframework.web.servlet.DispatcherServlet.processDispatchResult(DispatcherServlet.java:1041)
	at org.springframework.web.servlet.DispatcherServlet.doDispatch(DispatcherServlet.java:984)
	at org.springframework.web.servlet.DispatcherServlet.doService(DispatcherServlet.java:901)
	at org.springframework.web.servlet.FrameworkServlet.processRequest(FrameworkServlet.java:970)
	at org.springframework.web.servlet.FrameworkServlet.doGet(FrameworkServlet.java:861)
	at javax.servlet.http.HttpServlet.service(HttpServlet.java:635)
	at org.springframework.web.servlet.FrameworkServlet.service(FrameworkServlet.java:846)
	at javax.servlet.http.HttpServlet.service(HttpServlet.java:742)
	at org.apache.catalina.core.ApplicationFilterChain.internalDoFilter(ApplicationFilterChain.java:231)
	at org.apache.catalina.core.ApplicationFilterChain.doFilter(ApplicationFilterChain.java:166)
	at org.apache.tomcat.websocket.server.WsFilter.doFilter(WsFilter.java:52)
	at org.apache.catalina.core.ApplicationFilterChain.internalDoFilter(ApplicationFilterChain.java:193)
	at org.apache.catalina.core.ApplicationFilterChain.doFilter(ApplicationFilterChain.java:166)
	at org.springframework.security.web.FilterChainProxy$VirtualFilterChain.doFilter(FilterChainProxy.java:317)
	at org.springframework.security.web.access.intercept.FilterSecurityInterceptor.invoke(FilterSecurityInterceptor.java:127)
	at org.springframework.security.web.access.intercept.FilterSecurityInterceptor.doFilter(FilterSecurityInterceptor.java:91)
	at org.springframework.security.web.FilterChainProxy$VirtualFilterChain.doFilter(FilterChainProxy.java:331)
	at org.springframework.security.web.access.ExceptionTranslationFilter.doFilter(ExceptionTranslationFilter.java:114)
	at org.springframework.security.web.FilterChainProxy$VirtualFilterChain.doFilter(FilterChainProxy.java:331)
	at org.springframework.security.web.session.SessionManagementFilter.doFilter(SessionManagementFilter.java:137)
	at org.springframework.security.web.FilterChainProxy$VirtualFilterChain.doFilter(FilterChainProxy.java:331)
	at org.springframework.security.web.authentication.AnonymousAuthenticationFilter.doFilter(AnonymousAuthenticationFilter.java:111)
	at org.springframework.security.web.FilterChainProxy$VirtualFilterChain.doFilter(FilterChainProxy.java:331)
	at org.springframework.security.web.servletapi.SecurityContextHolderAwareRequestFilter.doFilter(SecurityContextHolderAwareRequestFilter.java:170)
	at org.springframework.security.web.FilterChainProxy$VirtualFilterChain.doFilter(FilterChainProxy.java:331)
	at org.springframework.security.web.savedrequest.RequestCacheAwareFilter.doFilter(RequestCacheAwareFilter.java:63)
	at org.springframework.security.web.FilterChainProxy$VirtualFilterChain.doFilter(FilterChainProxy.java:331)
	at org.springframework.security.web.authentication.AbstractAuthenticationProcessingFilter.doFilter(AbstractAuthenticationProcessingFilter.java:200)
	at org.springframework.security.web.FilterChainProxy$VirtualFilterChain.doFilter(FilterChainProxy.java:331)
	at org.springframework.security.web.authentication.logout.LogoutFilter.doFilter(LogoutFilter.java:116)
	at org.springframework.security.web.FilterChainProxy$VirtualFilterChain.doFilter(FilterChainProxy.java:331)
	at org.springframework.security.web.header.HeaderWriterFilter.doFilterInternal(HeaderWriterFilter.java:64)
	at org.springframework.web.filter.OncePerRequestFilter.doFilter(OncePerRequestFilter.java:107)
	at org.springframework.security.web.FilterChainProxy$VirtualFilterChain.doFilter(FilterChainProxy.java:331)
	at org.springframework.security.web.context.SecurityContextPersistenceFilter.doFilter(SecurityContextPersistenceFilter.java:105)
	at org.springframework.security.web.FilterChainProxy$VirtualFilterChain.doFilter(FilterChainProxy.java:331)
	at org.springframework.security.web.context.request.async.WebAsyncManagerIntegrationFilter.doFilterInternal(WebAsyncManagerIntegrationFilter.java:56)
	at org.springframework.web.filter.OncePerRequestFilter.doFilter(OncePerRequestFilter.java:107)
	at org.springframework.security.web.FilterChainProxy$VirtualFilterChain.doFilter(FilterChainProxy.java:331)
	at org.springframework.security.web.FilterChainProxy.doFilterInternal(FilterChainProxy.java:214)
	at org.springframework.security.web.FilterChainProxy.doFilter(FilterChainProxy.java:177)
	at org.springframework.web.filter.DelegatingFilterProxy.invokeDelegate(DelegatingFilterProxy.java:347)
	at org.springframework.web.filter.DelegatingFilterProxy.doFilter(DelegatingFilterProxy.java:263)
	at org.apache.catalina.core.ApplicationFilterChain.internalDoFilter(ApplicationFilterChain.java:193)
	at org.apache.catalina.core.ApplicationFilterChain.doFilter(ApplicationFilterChain.java:166)
	at org.springframework.web.filter.RequestContextFilter.doFilterInternal(RequestContextFilter.java:99)
	at org.springframework.web.filter.OncePerRequestFilter.doFilter(OncePerRequestFilter.java:107)
	at org.apache.catalina.core.ApplicationFilterChain.internalDoFilter(ApplicationFilterChain.java:193)
	at org.apache.catalina.core.ApplicationFilterChain.doFilter(ApplicationFilterChain.java:166)
	at org.springframework.web.filter.HttpPutFormContentFilter.doFilterInternal(HttpPutFormContentFilter.java:108)
	at org.springframework.web.filter.OncePerRequestFilter.doFilter(OncePerRequestFilter.java:107)
	at org.apache.catalina.core.ApplicationFilterChain.internalDoFilter(ApplicationFilterChain.java:193)
	at org.apache.catalina.core.ApplicationFilterChain.doFilter(ApplicationFilterChain.java:166)
	at org.springframework.web.filter.HiddenHttpMethodFilter.doFilterInternal(HiddenHttpMethodFilter.java:81)
	at org.springframework.web.filter.OncePerRequestFilter.doFilter(OncePerRequestFilter.java:107)
	at org.apache.catalina.core.ApplicationFilterChain.internalDoFilter(ApplicationFilterChain.java:193)
	at org.apache.catalina.core.ApplicationFilterChain.doFilter(ApplicationFilterChain.java:166)
	at org.springframework.web.filter.CharacterEncodingFilter.doFilterInternal(CharacterEncodingFilter.java:197)
	at org.springframework.web.filter.OncePerRequestFilter.doFilter(OncePerRequestFilter.java:107)
	at org.apache.catalina.core.ApplicationFilterChain.internalDoFilter(ApplicationFilterChain.java:193)
	at org.apache.catalina.core.ApplicationFilterChain.doFilter(ApplicationFilterChain.java:166)
	at org.apache.catalina.core.StandardWrapperValve.invoke(StandardWrapperValve.java:199)
	at org.apache.catalina.core.StandardContextValve.invoke(StandardContextValve.java:96)
	at org.apache.catalina.authenticator.AuthenticatorBase.invoke(AuthenticatorBase.java:504)
	at org.apache.catalina.core.StandardHostValve.invoke(StandardHostValve.java:140)
	at org.apache.catalina.valves.ErrorReportValve.invoke(ErrorReportValve.java:81)
	at org.apache.catalina.core.StandardEngineValve.invoke(StandardEngineValve.java:87)
	at org.apache.catalina.connector.CoyoteAdapter.service(CoyoteAdapter.java:342)
	at org.apache.coyote.http11.Http11Processor.service(Http11Processor.java:803)
	at org.apache.coyote.AbstractProcessorLight.process(AbstractProcessorLight.java:66)
	at org.apache.coyote.AbstractProtocol$ConnectionHandler.process(AbstractProtocol.java:790)
	at org.apache.tomcat.util.net.NioEndpoint$SocketProcessor.doRun(NioEndpoint.java:1459)
	at org.apache.tomcat.util.net.SocketProcessorBase.run(SocketProcessorBase.java:49)
	at java.util.concurrent.ThreadPoolExecutor.runWorker(Unknown Source)
	at java.util.concurrent.ThreadPoolExecutor$Worker.run(Unknown Source)
	at org.apache.tomcat.util.threads.TaskThread$WrappingRunnable.run(TaskThread.java:61)
	at java.lang.Thread.run(Unknown Source)
2019-02-14 13:52:12,513 ERROR org.thymeleaf.TemplateEngine - [THYMELEAF][http-nio-9000-exec-10] Exception processing template "company/companyparameter/formparameter": Exception evaluating SpringEL expression: "#fields.hasErrors('companyProtocol')" (company/companyparameter/formparameter:99)
2019-02-14 13:52:12,516 ERROR o.a.c.c.C.[.[.[.[dispatcherServlet] - Servlet.service() for servlet [dispatcherServlet] in context with path [/ATIFILETRANSFER] threw exception [Request processing failed; nested exception is org.thymeleaf.exceptions.TemplateProcessingException: Exception evaluating SpringEL expression: "#fields.hasErrors('companyProtocol')" (company/companyparameter/formparameter:99)] with root cause
org.springframework.beans.NotReadablePropertyException: Invalid property 'companyProtocol' of bean class [com.anabatic.atifiletransfer.form.FormCompanyParameter]: Bean property 'companyProtocol' is not readable or has an invalid getter method: Does the return type of the getter match the parameter type of the setter?
	at org.springframework.beans.AbstractNestablePropertyAccessor.getPropertyValue(AbstractNestablePropertyAccessor.java:631)
	at org.springframework.beans.AbstractNestablePropertyAccessor.getPropertyValue(AbstractNestablePropertyAccessor.java:622)
	at org.springframework.validation.AbstractPropertyBindingResult.getActualFieldValue(AbstractPropertyBindingResult.java:99)
	at org.springframework.validation.AbstractBindingResult.getFieldValue(AbstractBindingResult.java:229)
	at org.springframework.web.servlet.support.BindStatus.<init>(BindStatus.java:120)
	at org.thymeleaf.spring4.util.FieldUtils.getBindStatusFromParsedExpression(FieldUtils.java:401)
	at org.thymeleaf.spring4.util.FieldUtils.getBindStatus(FieldUtils.java:328)
	at org.thymeleaf.spring4.util.FieldUtils.getBindStatus(FieldUtils.java:294)
	at org.thymeleaf.spring4.util.FieldUtils.checkErrors(FieldUtils.java:243)
	at org.thymeleaf.spring4.util.FieldUtils.hasErrors(FieldUtils.java:91)
	at org.thymeleaf.spring4.expression.Fields.hasErrors(Fields.java:63)
	at sun.reflect.NativeMethodAccessorImpl.invoke0(Native Method)
	at sun.reflect.NativeMethodAccessorImpl.invoke(Unknown Source)
	at sun.reflect.DelegatingMethodAccessorImpl.invoke(Unknown Source)
	at java.lang.reflect.Method.invoke(Unknown Source)
	at org.springframework.expression.spel.support.ReflectiveMethodExecutor.execute(ReflectiveMethodExecutor.java:117)
	at org.springframework.expression.spel.ast.MethodReference.getValueInternal(MethodReference.java:103)
	at org.springframework.expression.spel.ast.MethodReference.access$000(MethodReference.java:50)
	at org.springframework.expression.spel.ast.MethodReference$MethodValueRef.getValue(MethodReference.java:348)
	at org.springframework.expression.spel.ast.CompoundExpression.getValueInternal(CompoundExpression.java:88)
	at org.springframework.expression.spel.ast.SpelNodeImpl.getValue(SpelNodeImpl.java:121)
	at org.springframework.expression.spel.standard.SpelExpression.getValue(SpelExpression.java:324)
	at org.thymeleaf.spring4.expression.SpelVariableExpressionEvaluator.evaluate(SpelVariableExpressionEvaluator.java:140)
	at org.thymeleaf.standard.expression.VariableExpression.executeVariable(VariableExpression.java:154)
	at org.thymeleaf.standard.expression.SimpleExpression.executeSimple(SimpleExpression.java:59)
	at org.thymeleaf.standard.expression.Expression.execute(Expression.java:103)
	at org.thymeleaf.standard.expression.Expression.execute(Expression.java:133)
	at org.thymeleaf.standard.expression.Expression.execute(Expression.java:120)
	at org.thymeleaf.standard.processor.attr.AbstractStandardConditionalVisibilityAttrProcessor.isVisible(AbstractStandardConditionalVisibilityAttrProcessor.java:66)
	at org.thymeleaf.processor.attr.AbstractConditionalVisibilityAttrProcessor.processAttribute(AbstractConditionalVisibilityAttrProcessor.java:59)
	at org.thymeleaf.processor.attr.AbstractAttrProcessor.doProcess(AbstractAttrProcessor.java:87)
	at org.thymeleaf.processor.AbstractProcessor.process(AbstractProcessor.java:212)
	at org.thymeleaf.dom.Node.applyNextProcessor(Node.java:1017)
	at org.thymeleaf.dom.Node.processNode(Node.java:972)
	at org.thymeleaf.dom.NestableNode.computeNextChild(NestableNode.java:695)
	at org.thymeleaf.dom.NestableNode.doAdditionalProcess(NestableNode.java:668)
	at org.thymeleaf.dom.Node.processNode(Node.java:990)
	at org.thymeleaf.dom.NestableNode.computeNextChild(NestableNode.java:695)
	at org.thymeleaf.dom.NestableNode.doAdditionalProcess(NestableNode.java:668)
	at org.thymeleaf.dom.Node.processNode(Node.java:990)
	at org.thymeleaf.dom.NestableNode.computeNextChild(NestableNode.java:695)
	at org.thymeleaf.dom.NestableNode.doAdditionalProcess(NestableNode.java:668)
	at org.thymeleaf.dom.Node.processNode(Node.java:990)
	at org.thymeleaf.dom.NestableNode.computeNextChild(NestableNode.java:695)
	at org.thymeleaf.dom.NestableNode.doAdditionalProcess(NestableNode.java:668)
	at org.thymeleaf.dom.Node.processNode(Node.java:990)
	at org.thymeleaf.dom.NestableNode.computeNextChild(NestableNode.java:695)
	at org.thymeleaf.dom.NestableNode.doAdditionalProcess(NestableNode.java:668)
	at org.thymeleaf.dom.Node.processNode(Node.java:990)
	at org.thymeleaf.dom.NestableNode.computeNextChild(NestableNode.java:695)
	at org.thymeleaf.dom.NestableNode.doAdditionalProcess(NestableNode.java:668)
	at org.thymeleaf.dom.Node.processNode(Node.java:990)
	at org.thymeleaf.dom.NestableNode.computeNextChild(NestableNode.java:695)
	at org.thymeleaf.dom.NestableNode.doAdditionalProcess(NestableNode.java:668)
	at org.thymeleaf.dom.Node.processNode(Node.java:990)
	at org.thymeleaf.dom.NestableNode.computeNextChild(NestableNode.java:695)
	at org.thymeleaf.dom.NestableNode.doAdditionalProcess(NestableNode.java:668)
	at org.thymeleaf.dom.Node.processNode(Node.java:990)
	at org.thymeleaf.dom.NestableNode.computeNextChild(NestableNode.java:695)
	at org.thymeleaf.dom.NestableNode.doAdditionalProcess(NestableNode.java:668)
	at org.thymeleaf.dom.Node.processNode(Node.java:990)
	at org.thymeleaf.dom.NestableNode.computeNextChild(NestableNode.java:695)
	at org.thymeleaf.dom.NestableNode.doAdditionalProcess(NestableNode.java:668)
	at org.thymeleaf.dom.Node.processNode(Node.java:990)
	at org.thymeleaf.dom.NestableNode.computeNextChild(NestableNode.java:695)
	at org.thymeleaf.dom.NestableNode.doAdditionalProcess(NestableNode.java:668)
	at org.thymeleaf.dom.Node.processNode(Node.java:990)
	at org.thymeleaf.dom.NestableNode.computeNextChild(NestableNode.java:695)
	at org.thymeleaf.dom.NestableNode.doAdditionalProcess(NestableNode.java:668)
	at org.thymeleaf.dom.Node.processNode(Node.java:990)
	at org.thymeleaf.dom.NestableNode.computeNextChild(NestableNode.java:695)
	at org.thymeleaf.dom.NestableNode.doAdditionalProcess(NestableNode.java:668)
	at org.thymeleaf.dom.Node.processNode(Node.java:990)
	at org.thymeleaf.dom.Document.process(Document.java:93)
	at org.thymeleaf.TemplateEngine.process(TemplateEngine.java:1155)
	at org.thymeleaf.TemplateEngine.process(TemplateEngine.java:1060)
	at org.thymeleaf.TemplateEngine.process(TemplateEngine.java:1011)
	at org.thymeleaf.spring4.view.ThymeleafView.renderFragment(ThymeleafView.java:335)
	at org.thymeleaf.spring4.view.ThymeleafView.render(ThymeleafView.java:190)
	at org.springframework.web.servlet.DispatcherServlet.render(DispatcherServlet.java:1286)
	at org.springframework.web.servlet.DispatcherServlet.processDispatchResult(DispatcherServlet.java:1041)
	at org.springframework.web.servlet.DispatcherServlet.doDispatch(DispatcherServlet.java:984)
	at org.springframework.web.servlet.DispatcherServlet.doService(DispatcherServlet.java:901)
	at org.springframework.web.servlet.FrameworkServlet.processRequest(FrameworkServlet.java:970)
	at org.springframework.web.servlet.FrameworkServlet.doGet(FrameworkServlet.java:861)
	at javax.servlet.http.HttpServlet.service(HttpServlet.java:635)
	at org.springframework.web.servlet.FrameworkServlet.service(FrameworkServlet.java:846)
	at javax.servlet.http.HttpServlet.service(HttpServlet.java:742)
	at org.apache.catalina.core.ApplicationFilterChain.internalDoFilter(ApplicationFilterChain.java:231)
	at org.apache.catalina.core.ApplicationFilterChain.doFilter(ApplicationFilterChain.java:166)
	at org.apache.tomcat.websocket.server.WsFilter.doFilter(WsFilter.java:52)
	at org.apache.catalina.core.ApplicationFilterChain.internalDoFilter(ApplicationFilterChain.java:193)
	at org.apache.catalina.core.ApplicationFilterChain.doFilter(ApplicationFilterChain.java:166)
	at org.springframework.security.web.FilterChainProxy$VirtualFilterChain.doFilter(FilterChainProxy.java:317)
	at org.springframework.security.web.access.intercept.FilterSecurityInterceptor.invoke(FilterSecurityInterceptor.java:127)
	at org.springframework.security.web.access.intercept.FilterSecurityInterceptor.doFilter(FilterSecurityInterceptor.java:91)
	at org.springframework.security.web.FilterChainProxy$VirtualFilterChain.doFilter(FilterChainProxy.java:331)
	at org.springframework.security.web.access.ExceptionTranslationFilter.doFilter(ExceptionTranslationFilter.java:114)
	at org.springframework.security.web.FilterChainProxy$VirtualFilterChain.doFilter(FilterChainProxy.java:331)
	at org.springframework.security.web.session.SessionManagementFilter.doFilter(SessionManagementFilter.java:137)
	at org.springframework.security.web.FilterChainProxy$VirtualFilterChain.doFilter(FilterChainProxy.java:331)
	at org.springframework.security.web.authentication.AnonymousAuthenticationFilter.doFilter(AnonymousAuthenticationFilter.java:111)
	at org.springframework.security.web.FilterChainProxy$VirtualFilterChain.doFilter(FilterChainProxy.java:331)
	at org.springframework.security.web.servletapi.SecurityContextHolderAwareRequestFilter.doFilter(SecurityContextHolderAwareRequestFilter.java:170)
	at org.springframework.security.web.FilterChainProxy$VirtualFilterChain.doFilter(FilterChainProxy.java:331)
	at org.springframework.security.web.savedrequest.RequestCacheAwareFilter.doFilter(RequestCacheAwareFilter.java:63)
	at org.springframework.security.web.FilterChainProxy$VirtualFilterChain.doFilter(FilterChainProxy.java:331)
	at org.springframework.security.web.authentication.AbstractAuthenticationProcessingFilter.doFilter(AbstractAuthenticationProcessingFilter.java:200)
	at org.springframework.security.web.FilterChainProxy$VirtualFilterChain.doFilter(FilterChainProxy.java:331)
	at org.springframework.security.web.authentication.logout.LogoutFilter.doFilter(LogoutFilter.java:116)
	at org.springframework.security.web.FilterChainProxy$VirtualFilterChain.doFilter(FilterChainProxy.java:331)
	at org.springframework.security.web.header.HeaderWriterFilter.doFilterInternal(HeaderWriterFilter.java:64)
	at org.springframework.web.filter.OncePerRequestFilter.doFilter(OncePerRequestFilter.java:107)
	at org.springframework.security.web.FilterChainProxy$VirtualFilterChain.doFilter(FilterChainProxy.java:331)
	at org.springframework.security.web.context.SecurityContextPersistenceFilter.doFilter(SecurityContextPersistenceFilter.java:105)
	at org.springframework.security.web.FilterChainProxy$VirtualFilterChain.doFilter(FilterChainProxy.java:331)
	at org.springframework.security.web.context.request.async.WebAsyncManagerIntegrationFilter.doFilterInternal(WebAsyncManagerIntegrationFilter.java:56)
	at org.springframework.web.filter.OncePerRequestFilter.doFilter(OncePerRequestFilter.java:107)
	at org.springframework.security.web.FilterChainProxy$VirtualFilterChain.doFilter(FilterChainProxy.java:331)
	at org.springframework.security.web.FilterChainProxy.doFilterInternal(FilterChainProxy.java:214)
	at org.springframework.security.web.FilterChainProxy.doFilter(FilterChainProxy.java:177)
	at org.springframework.web.filter.DelegatingFilterProxy.invokeDelegate(DelegatingFilterProxy.java:347)
	at org.springframework.web.filter.DelegatingFilterProxy.doFilter(DelegatingFilterProxy.java:263)
	at org.apache.catalina.core.ApplicationFilterChain.internalDoFilter(ApplicationFilterChain.java:193)
	at org.apache.catalina.core.ApplicationFilterChain.doFilter(ApplicationFilterChain.java:166)
	at org.springframework.web.filter.RequestContextFilter.doFilterInternal(RequestContextFilter.java:99)
	at org.springframework.web.filter.OncePerRequestFilter.doFilter(OncePerRequestFilter.java:107)
	at org.apache.catalina.core.ApplicationFilterChain.internalDoFilter(ApplicationFilterChain.java:193)
	at org.apache.catalina.core.ApplicationFilterChain.doFilter(ApplicationFilterChain.java:166)
	at org.springframework.web.filter.HttpPutFormContentFilter.doFilterInternal(HttpPutFormContentFilter.java:108)
	at org.springframework.web.filter.OncePerRequestFilter.doFilter(OncePerRequestFilter.java:107)
	at org.apache.catalina.core.ApplicationFilterChain.internalDoFilter(ApplicationFilterChain.java:193)
	at org.apache.catalina.core.ApplicationFilterChain.doFilter(ApplicationFilterChain.java:166)
	at org.springframework.web.filter.HiddenHttpMethodFilter.doFilterInternal(HiddenHttpMethodFilter.java:81)
	at org.springframework.web.filter.OncePerRequestFilter.doFilter(OncePerRequestFilter.java:107)
	at org.apache.catalina.core.ApplicationFilterChain.internalDoFilter(ApplicationFilterChain.java:193)
	at org.apache.catalina.core.ApplicationFilterChain.doFilter(ApplicationFilterChain.java:166)
	at org.springframework.web.filter.CharacterEncodingFilter.doFilterInternal(CharacterEncodingFilter.java:197)
	at org.springframework.web.filter.OncePerRequestFilter.doFilter(OncePerRequestFilter.java:107)
	at org.apache.catalina.core.ApplicationFilterChain.internalDoFilter(ApplicationFilterChain.java:193)
	at org.apache.catalina.core.ApplicationFilterChain.doFilter(ApplicationFilterChain.java:166)
	at org.apache.catalina.core.StandardWrapperValve.invoke(StandardWrapperValve.java:199)
	at org.apache.catalina.core.StandardContextValve.invoke(StandardContextValve.java:96)
	at org.apache.catalina.authenticator.AuthenticatorBase.invoke(AuthenticatorBase.java:504)
	at org.apache.catalina.core.StandardHostValve.invoke(StandardHostValve.java:140)
	at org.apache.catalina.valves.ErrorReportValve.invoke(ErrorReportValve.java:81)
	at org.apache.catalina.core.StandardEngineValve.invoke(StandardEngineValve.java:87)
	at org.apache.catalina.connector.CoyoteAdapter.service(CoyoteAdapter.java:342)
	at org.apache.coyote.http11.Http11Processor.service(Http11Processor.java:803)
	at org.apache.coyote.AbstractProcessorLight.process(AbstractProcessorLight.java:66)
	at org.apache.coyote.AbstractProtocol$ConnectionHandler.process(AbstractProtocol.java:790)
	at org.apache.tomcat.util.net.NioEndpoint$SocketProcessor.doRun(NioEndpoint.java:1459)
	at org.apache.tomcat.util.net.SocketProcessorBase.run(SocketProcessorBase.java:49)
	at java.util.concurrent.ThreadPoolExecutor.runWorker(Unknown Source)
	at java.util.concurrent.ThreadPoolExecutor$Worker.run(Unknown Source)
	at org.apache.tomcat.util.threads.TaskThread$WrappingRunnable.run(TaskThread.java:61)
	at java.lang.Thread.run(Unknown Source)
2019-02-14 15:05:58,626 INFO  c.a.a.AtifiletransferApplication - Starting AtifiletransferApplication on ASD-Ismail-M with PID 9308 (D:\Kerja\ATIFILETRANSFER\target\classes started by ahmad.wicaksono in D:\Kerja\ATIFILETRANSFER)
2019-02-14 15:05:58,656 INFO  c.a.a.AtifiletransferApplication - No active profile set, falling back to default profiles: default
2019-02-14 15:06:00,402 INFO  o.a.catalina.core.StandardService - Starting service [Tomcat]
2019-02-14 15:06:00,404 INFO  o.a.catalina.core.StandardEngine - Starting Servlet Engine: Apache Tomcat/8.5.27
2019-02-14 15:06:00,508 INFO  o.a.c.c.C.[.[.[/ATIFILETRANSFER] - Initializing Spring embedded WebApplicationContext
2019-02-14 15:06:04,662 INFO  c.a.a.AtifiletransferApplication - Started AtifiletransferApplication in 6.303 seconds (JVM running for 7.498)
2019-02-14 15:07:36,866 INFO  o.a.c.c.C.[.[.[/ATIFILETRANSFER] - Initializing Spring FrameworkServlet 'dispatcherServlet'
2019-02-14 15:09:16,343 INFO  c.a.a.AtifiletransferApplication - Starting AtifiletransferApplication on ASD-Ismail-M with PID 9464 (D:\Kerja\ATIFILETRANSFER\target\classes started by ahmad.wicaksono in D:\Kerja\ATIFILETRANSFER)
2019-02-14 15:09:16,346 INFO  c.a.a.AtifiletransferApplication - No active profile set, falling back to default profiles: default
2019-02-14 15:09:18,091 INFO  o.a.catalina.core.StandardService - Starting service [Tomcat]
2019-02-14 15:09:18,093 INFO  o.a.catalina.core.StandardEngine - Starting Servlet Engine: Apache Tomcat/8.5.27
2019-02-14 15:09:18,189 INFO  o.a.c.c.C.[.[.[/ATIFILETRANSFER] - Initializing Spring embedded WebApplicationContext
2019-02-14 15:09:21,719 INFO  c.a.a.AtifiletransferApplication - Started AtifiletransferApplication in 5.597 seconds (JVM running for 6.844)
2019-02-14 15:09:58,669 INFO  c.a.a.AtifiletransferApplication - Starting AtifiletransferApplication on ASD-Ismail-M with PID 10736 (D:\Kerja\ATIFILETRANSFER\target\classes started by ahmad.wicaksono in D:\Kerja\ATIFILETRANSFER)
2019-02-14 15:09:58,672 INFO  c.a.a.AtifiletransferApplication - No active profile set, falling back to default profiles: default
2019-02-14 15:10:00,125 INFO  o.a.catalina.core.StandardService - Starting service [Tomcat]
2019-02-14 15:10:00,127 INFO  o.a.catalina.core.StandardEngine - Starting Servlet Engine: Apache Tomcat/8.5.27
2019-02-14 15:10:00,222 INFO  o.a.c.c.C.[.[.[/ATIFILETRANSFER] - Initializing Spring embedded WebApplicationContext
2019-02-14 15:10:03,530 INFO  c.a.a.AtifiletransferApplication - Started AtifiletransferApplication in 5.066 seconds (JVM running for 6.059)
2019-02-14 15:10:23,203 INFO  o.a.c.c.C.[.[.[/ATIFILETRANSFER] - Initializing Spring FrameworkServlet 'dispatcherServlet'
